#
# A fatal error has been detected by the Java Runtime Environment:
#
#  EXCEPTION_ACCESS_VIOLATION (0xc0000005) at pc=0x000000006d0fa85d, pid=52352, tid=49596
#
# JRE version: 6.0_26-b03
# Java VM: Java HotSpot(TM) 64-Bit Server VM (20.1-b02 mixed mode windows-amd64 compressed oops)
# Problematic frame:
# C  [awt.dll+0xfa85d]
#
# If you would like to submit a bug report, please visit:
#   http://java.sun.com/webapps/bugreport/crash.jsp
# The crash happened outside the Java Virtual Machine in native code.
# See problematic frame for where to report the bug.
#

---------------  T H R E A D  ---------------

Current thread (0x0000000006695000):  JavaThread "AWT-Windows" daemon [_thread_in_native, id=49596, stack(0x0000000007330000,0x0000000007430000)]

siginfo: ExceptionCode=0xc0000005, reading address 0x0000000000000000

Registers:
RAX=0x0000000000002000, RBX=0x00000000066e93f0, RCX=0x0000000000000000, RDX=0x00000000000002e4
RSP=0x000000000742f370, RBP=0x0000000000000000, RSI=0x0000000000000006, RDI=0x0000000000000000
R8 =0x0000000000000006, R9 =0x0000000000001000, R10=0x0000000000000000, R11=0x000000006def52c0
R12=0x0000000000000000, R13=0x00000000bd349510, R14=0x000000000742f638, R15=0x0000000006695000
RIP=0x000000006d0fa85d, EFLAGS=0x0000000000010206

Top of Stack: (sp=0x000000000742f370)
0x000000000742f370:   0000000000000000 0000000000000000
0x000000000742f380:   0000000000000000 000007fefd661574
0x000000000742f390:   0000000000000000 000000007727201b
0x000000000742f3a0:   000000000742f478 0000000000000000
0x000000000742f3b0:   000000006d0d1180 000000006d9234e8
0x000000000742f3c0:   0000000000000000 000000006d0ee30b
0x000000000742f3d0:   00000000066db0c0 00000000066951d0
0x000000000742f3e0:   0000000000000001 0000000000000000
0x000000000742f3f0:   00000000066951d0 000000006d0ee40b
0x000000000742f400:   0000000000000000 000000006d0d1abc
0x000000000742f410:   00000000066db0c0 0000000000000000
0x000000000742f420:   00000000066951d0 000000006d0ee548
0x000000000742f430:   0000000000000001 00000000066db0c0
0x000000000742f440:   0000000000000001 0000000000000000
0x000000000742f450:   00000000066db0c0 000000006d08224e
0x000000000742f460:   00000000001ff8d0 000000000742f618 

Instructions: (pc=0x000000006d0fa85d)
0x000000006d0fa83d:   e9 11 01 00 00 48 8b 89 10 a0 00 00 85 d2 b8 00
0x000000006d0fa84d:   20 00 00 41 b9 00 10 00 00 44 8b c6 44 0f 44 c8
0x000000006d0fa85d:   48 8b 01 41 c1 e0 05 44 89 4c 24 20 4c 8d 4c 24
0x000000006d0fa86d:   30 c1 e2 05 ff 50 58 33 ff 85 c0 44 8b d8 0f 88 


Register to memory mapping:

RAX=0x0000000000002000 is an unknown value
RBX=0x00000000066e93f0 is an unknown value
RCX=0x0000000000000000 is an unknown value
RDX=0x00000000000002e4 is an unknown value
RSP=0x000000000742f370 is pointing into the stack for thread: 0x0000000006695000
RBP=0x0000000000000000 is an unknown value
RSI=0x0000000000000006 is an unknown value
RDI=0x0000000000000000 is an unknown value
R8 =0x0000000000000006 is an unknown value
R9 =0x0000000000001000 is an unknown value
R10=0x0000000000000000 is an unknown value
R11=0x000000006def52c0 is an unknown value
R12=0x0000000000000000 is an unknown value
R13=0x00000000bd349510 is an oop
{method} 
 - klass: {other class}
R14=0x000000000742f638 is pointing into the stack for thread: 0x0000000006695000
R15=0x0000000006695000 is a thread


Stack: [0x0000000007330000,0x0000000007430000],  sp=0x000000000742f370,  free space=1020k
Native frames: (J=compiled Java code, j=interpreted, Vv=VM code, C=native code)
C  [awt.dll+0xfa85d]  D3DVertexCacher::Render+0x5d

[error occurred during error reporting (printing native stack), id 0xc0000005]

Java frames: (J=compiled Java code, j=interpreted, Vv=VM code)
j  sun.awt.windows.WToolkit.eventLoop()V+0
j  sun.awt.windows.WToolkit.run()V+52
j  java.lang.Thread.run()V+11
v  ~StubRoutines::call_stub

---------------  P R O C E S S  ---------------

Java Threads: ( => current thread )
  0x000000000b5bf800 JavaThread "Thread-1" daemon [_thread_in_native, id=56940, stack(0x000000000aec0000,0x000000000afc0000)]
  0x000000000b460000 JavaThread "TimerQueue" daemon [_thread_blocked, id=57804, stack(0x000000000b8b0000,0x000000000b9b0000)]
  0x000000000002b800 JavaThread "DestroyJavaVM" [_thread_blocked, id=55324, stack(0x0000000002400000,0x0000000002500000)]
  0x0000000006696000 JavaThread "AWT-EventQueue-0" [_thread_blocked, id=55424, stack(0x0000000007430000,0x0000000007530000)]
=>0x0000000006695000 JavaThread "AWT-Windows" daemon [_thread_in_native, id=49596, stack(0x0000000007330000,0x0000000007430000)]
  0x0000000006690800 JavaThread "AWT-Shutdown" [_thread_blocked, id=55620, stack(0x0000000007230000,0x0000000007330000)]
  0x000000000668d800 JavaThread "Java2D Disposer" daemon [_thread_blocked, id=55768, stack(0x0000000007130000,0x0000000007230000)]
  0x00000000065e1800 JavaThread "Low Memory Detector" daemon [_thread_blocked, id=48912, stack(0x0000000006b80000,0x0000000006c80000)]
  0x00000000065de800 JavaThread "C2 CompilerThread1" daemon [_thread_blocked, id=57560, stack(0x0000000006a80000,0x0000000006b80000)]
  0x00000000065d7800 JavaThread "C2 CompilerThread0" daemon [_thread_blocked, id=55120, stack(0x0000000006980000,0x0000000006a80000)]
  0x00000000065d4800 JavaThread "Attach Listener" daemon [_thread_blocked, id=53624, stack(0x0000000006880000,0x0000000006980000)]
  0x00000000065cf800 JavaThread "Signal Dispatcher" daemon [_thread_blocked, id=54068, stack(0x0000000006780000,0x0000000006880000)]
  0x00000000003e6800 JavaThread "Finalizer" daemon [_thread_blocked, id=57440, stack(0x0000000006480000,0x0000000006580000)]
  0x00000000003e3800 JavaThread "Reference Handler" daemon [_thread_blocked, id=56396, stack(0x0000000006380000,0x0000000006480000)]

Other Threads:
  0x00000000003dd800 VMThread [stack: 0x0000000006280000,0x0000000006380000] [id=56540]
  0x00000000065f3000 WatcherThread [stack: 0x0000000006c80000,0x0000000006d80000] [id=52720]

VM state:not at safepoint (normal execution)

VM Mutex/Monitor currently owned by a thread: None

Heap
 PSYoungGen      total 18496K, used 10251K [0x00000000eb600000, 0x00000000ecaa0000, 0x0000000100000000)
  eden space 15872K, 56% used [0x00000000eb600000,0x00000000ebecbd20,0x00000000ec580000)
  from space 2624K, 47% used [0x00000000ec810000,0x00000000ec947110,0x00000000ecaa0000)
  to   space 2624K, 0% used [0x00000000ec580000,0x00000000ec580000,0x00000000ec810000)
 PSOldGen        total 42240K, used 0K [0x00000000c2200000, 0x00000000c4b40000, 0x00000000eb600000)
  object space 42240K, 0% used [0x00000000c2200000,0x00000000c2200000,0x00000000c4b40000)
 PSPermGen       total 21248K, used 13675K [0x00000000bd000000, 0x00000000be4c0000, 0x00000000c2200000)
  object space 21248K, 64% used [0x00000000bd000000,0x00000000bdd5af50,0x00000000be4c0000)

Code Cache  [0x0000000002500000, 0x0000000002770000, 0x0000000005500000)
 total_blobs=704 nmethods=281 adapters=375 free_code_cache=49066816 largest_free_block=43968

Dynamic libraries:
0x0000000000400000 - 0x000000000042e000 	C:\Program Files\Java\jre6\bin\javaw.exe
0x0000000077360000 - 0x000000007750c000 	C:\Windows\SYSTEM32\ntdll.dll
0x0000000077140000 - 0x000000007725f000 	C:\Windows\system32\kernel32.dll
0x000007fefc850000 - 0x000007fefc8bc000 	C:\Windows\system32\KERNELBASE.dll
0x000007fefcbe0000 - 0x000007fefccbb000 	C:\Windows\system32\ADVAPI32.dll
0x000007fefe420000 - 0x000007fefe4bf000 	C:\Windows\system32\msvcrt.dll
0x000007fefd5a0000 - 0x000007fefd5bf000 	C:\Windows\SYSTEM32\sechost.dll
0x000007fefe860000 - 0x000007fefe98e000 	C:\Windows\system32\RPCRT4.dll
0x0000000077260000 - 0x000000007735a000 	C:\Windows\system32\USER32.dll
0x000007fefe6e0000 - 0x000007fefe747000 	C:\Windows\system32\GDI32.dll
0x000007fefcbd0000 - 0x000007fefcbde000 	C:\Windows\system32\LPK.dll
0x000007fefe990000 - 0x000007fefea5a000 	C:\Windows\system32\USP10.dll
0x000007fefc610000 - 0x000007fefc667000 	C:\Windows\system32\apphelp.dll
0x000007fefeda0000 - 0x000007fefedf1000 	C:\Windows\AppPatch\AppPatch64\AcGenral.DLL
0x000007fefc5e0000 - 0x000007fefc605000 	C:\Windows\system32\SspiCli.dll
0x000007fefeab0000 - 0x000007fefeb21000 	C:\Windows\system32\SHLWAPI.dll
0x000007fefe4c0000 - 0x000007fefe6c2000 	C:\Windows\system32\ole32.dll
0x000007fefd690000 - 0x000007fefe416000 	C:\Windows\system32\SHELL32.dll
0x0000000071ae0000 - 0x0000000071ae3000 	C:\Windows\system32\sfc.dll
0x000007fef71c0000 - 0x000007fef71d0000 	C:\Windows\system32\sfc_os.DLL
0x000007fefbac0000 - 0x000007fefbade000 	C:\Windows\system32\USERENV.dll
0x000007fefc780000 - 0x000007fefc78f000 	C:\Windows\system32\profapi.dll
0x000007fefa8d0000 - 0x000007fefa8e8000 	C:\Windows\system32\dwmapi.dll
0x000007fef6f30000 - 0x000007fef6f48000 	C:\Windows\system32\MPR.dll
0x000007fefd660000 - 0x000007fefd68e000 	C:\Windows\system32\IMM32.DLL
0x000007fefe750000 - 0x000007fefe859000 	C:\Windows\system32\MSCTF.dll
0x000000006d7f0000 - 0x000000006dfa8000 	C:\Program Files\Java\jre6\bin\server\jvm.dll
0x000007fefa800000 - 0x000007fefa83b000 	C:\Windows\system32\WINMM.dll
0x000000006d760000 - 0x000000006d76e000 	C:\Program Files\Java\jre6\bin\verify.dll
0x000000006d3b0000 - 0x000000006d3d7000 	C:\Program Files\Java\jre6\bin\java.dll
0x0000000077520000 - 0x0000000077527000 	C:\Windows\system32\PSAPI.DLL
0x000000006d7b0000 - 0x000000006d7c2000 	C:\Program Files\Java\jre6\bin\zip.dll
0x000000006d000000 - 0x000000006d1c3000 	C:\Program Files\Java\jre6\bin\awt.dll
0x000007fef7040000 - 0x000007fef70b0000 	C:\Windows\system32\WINSPOOL.DRV
0x000007fefb210000 - 0x000007fefb404000 	C:\Windows\WinSxS\amd64_microsoft.windows.common-controls_6595b64144ccf1df_6.0.7600.16661_none_fa62ad231704eab7\COMCTL32.dll
0x000007fef0f40000 - 0x000007fef0fe0000 	C:\Windows\WinSxS\amd64_microsoft.windows.common-controls_6595b64144ccf1df_5.82.7600.16661_none_a44e1fc257f685f6\comctl32.dll
0x000007fefb000000 - 0x000007fefb056000 	C:\Windows\system32\uxtheme.dll
0x000007fefc6b0000 - 0x000007fefc6bf000 	C:\Windows\system32\CRYPTBASE.dll
0x000000006d2a0000 - 0x000000006d306000 	C:\Program Files\Java\jre6\bin\fontmanager.dll
0x000007fee6bf0000 - 0x000007fee6def000 	C:\Windows\system32\d3d9.dll
0x000007fefb8f0000 - 0x000007fefb8fc000 	C:\Windows\system32\VERSION.dll
0x000007fee6be0000 - 0x000007fee6be7000 	C:\Windows\system32\d3d8thk.dll
0x00000000718e0000 - 0x00000000719b9000 	C:\Windows\system32\aticfx64.dll
0x000007fee00e0000 - 0x000007fee00ed000 	C:\Windows\system32\atiu9p64.dll
0x000000006e3f0000 - 0x000000006e927000 	C:\Windows\system32\atiumd64.dll
0x000000006eaa0000 - 0x000000006ee61000 	C:\Windows\system32\atiumd6a.dll
0x000000006d600000 - 0x000000006d617000 	C:\Program Files\Java\jre6\bin\net.dll
0x000007fefd420000 - 0x000007fefd46d000 	C:\Windows\system32\WS2_32.dll
0x000007fefe6d0000 - 0x000007fefe6d8000 	C:\Windows\system32\NSI.dll
0x000007fefbfb0000 - 0x000007fefc004000 	C:\Windows\system32\mswsock.dll
0x000007fefbfa0000 - 0x000007fefbfa7000 	C:\Windows\System32\wship6.dll
0x000000006d620000 - 0x000000006d62b000 	C:\Program Files\Java\jre6\bin\nio.dll
0x000000006d4d0000 - 0x000000006d505000 	C:\Program Files\Java\jre6\bin\jpeg.dll
0x000007fefd5c0000 - 0x000007fefd659000 	C:\Windows\system32\CLBCatQ.DLL
0x000007fefcea0000 - 0x000007fefcf77000 	C:\Windows\system32\OLEAUT32.dll
0x000000006d210000 - 0x000000006d238000 	C:\Program Files\Java\jre6\bin\dcpr.dll
0x000007fef64c0000 - 0x000007fef65e5000 	C:\Windows\system32\dbghelp.dll

VM Arguments:
jvm_args: -Dfile.encoding=Cp1252 
java_command: view.MainWindow
Launcher Type: SUN_STANDARD

Environment Variables:
PATH=C:\Program Files (x86)\NVIDIA Corporation\PhysX\Common;C:\Windows\system32;C:\Windows;C:\Windows\System32\Wbem;C:\Windows\System32\WindowsPowerShell\v1.0\;C:\Program Files\Dell\DW WLAN Card;C:\Program Files (x86)\ATI Technologies\ATI.ACE\Core-Static;c:\Program Files (x86)\Microsoft SQL Server\100\Tools\Binn\;c:\Program Files\Microsoft SQL Server\100\Tools\Binn\;c:\Program Files\Microsoft SQL Server\100\DTS\Binn\
USERNAME=Dell
OS=Windows_NT
PROCESSOR_IDENTIFIER=Intel64 Family 6 Model 37 Stepping 2, GenuineIntel



---------------  S Y S T E M  ---------------

OS: Windows 7 Build 7600 

CPU:total 4 (2 cores per cpu, 2 threads per core) family 6 model 37 stepping 2, cmov, cx8, fxsr, mmx, sse, sse2, sse3, ssse3, sse4.1, sse4.2, popcnt, ht

Memory: 4k page, physical 4051480k(1705764k free), swap 8101060k(4366468k free)

vm_info: Java HotSpot(TM) 64-Bit Server VM (20.1-b02) for windows-amd64 JRE (1.6.0_26-b03), built on May  4 2011 07:15:24 by "java_re" with MS VC++ 8.0 (VS2005)

time: Mon May 14 13:38:34 2012
elapsed time: 4893 seconds

